<?xml version="1.0" encoding="UTF-8"?>
<testng-results ignored="0" total="1" passed="1" failed="0" skipped="0">
  <reporter-output>
  </reporter-output>
  <suite started-at="2023-08-20T19:06:56 IST" name="Failed suite [Default suite]" finished-at="2023-08-20T19:07:25 IST" duration-ms="28644">
    <groups>
    </groups>
    <test started-at="2023-08-20T19:06:56 IST" name="Default test(failed)" finished-at="2023-08-20T19:07:25 IST" duration-ms="28644">
      <class name="testautomationpractice.blogspot.Verify_MultipleCheckBox">
        <test-method is-config="true" signature="setUp()[pri:0, instance:testautomationpractice.blogspot.Verify_MultipleCheckBox@6da21078]" started-at="2023-08-20T19:06:56 IST" name="setUp" finished-at="2023-08-20T19:07:25 IST" duration-ms="28511" status="PASS">
          <reporter-output>
          </reporter-output>
        </test-method> <!-- setUp -->
        <test-method signature="verifyCheckBox()[pri:0, instance:testautomationpractice.blogspot.Verify_MultipleCheckBox@6da21078]" started-at="2023-08-20T19:07:25 IST" name="verifyCheckBox" finished-at="2023-08-20T19:07:25 IST" duration-ms="98" status="PASS">
          <reporter-output>
          </reporter-output>
        </test-method> <!-- verifyCheckBox -->
      </class> <!-- testautomationpractice.blogspot.Verify_MultipleCheckBox -->
    </test> <!-- Default test(failed) -->
  </suite> <!-- Failed suite [Default suite] -->
</testng-results>
